<?xml version="1.0" encoding="UTF-8"?>
<testng-results ignored="0" total="5" passed="5" failed="0" skipped="0">
  <reporter-output>
  </reporter-output>
  <suite started-at="2021-01-20T18:16:41 CST" name="Chemical Management Smoke Test" finished-at="2021-01-20T18:17:20 CST" duration-ms="38147">
    <groups>
    </groups>
    <test started-at="2021-01-20T18:16:41 CST" name="Search a product" finished-at="2021-01-20T18:17:19 CST" duration-ms="37607">
      <class name="SearchTest">
        <test-method is-config="true" signature="initialize()[pri:0, instance:SearchTest@7f3b84b8]" started-at="2021-01-20T18:16:41 CST" name="initialize" finished-at="2021-01-20T18:16:57 CST" duration-ms="15241" status="PASS">
          <reporter-output>
          </reporter-output>
        </test-method> <!-- initialize -->
        <test-method signature="searchForProduct()[pri:0, instance:SearchTest@7f3b84b8]" started-at="2021-01-20T18:16:57 CST" name="searchForProduct" finished-at="2021-01-20T18:17:08 CST" duration-ms="11561" status="PASS">
          <reporter-output>
          </reporter-output>
        </test-method> <!-- searchForProduct -->
        <test-method signature="verifyRelevantSearchResultsAreReturned()[pri:0, instance:SearchTest@7f3b84b8]" started-at="2021-01-20T18:17:08 CST" name="verifyRelevantSearchResultsAreReturned" finished-at="2021-01-20T18:17:08 CST" depends-on-methods="SearchTest.searchForProduct" duration-ms="1" status="PASS">
          <reporter-output>
          </reporter-output>
        </test-method> <!-- verifyRelevantSearchResultsAreReturned -->
        <test-method signature="verifySearchResultsAreReturned()[pri:0, instance:SearchTest@7f3b84b8]" started-at="2021-01-20T18:17:08 CST" name="verifySearchResultsAreReturned" finished-at="2021-01-20T18:17:19 CST" depends-on-methods="SearchTest.searchForProduct" duration-ms="10312" status="PASS">
          <reporter-output>
          </reporter-output>
        </test-method> <!-- verifySearchResultsAreReturned -->
        <test-method is-config="true" signature="teardown()[pri:0, instance:SearchTest@7f3b84b8]" started-at="2021-01-20T18:17:19 CST" name="teardown" finished-at="2021-01-20T18:17:19 CST" duration-ms="480" status="PASS">
          <reporter-output>
          </reporter-output>
        </test-method> <!-- teardown -->
      </class> <!-- SearchTest -->
    </test> <!-- Search a product -->
    <test started-at="2021-01-20T18:16:41 CST" name="Verify language site" finished-at="2021-01-20T18:17:20 CST" duration-ms="38147">
      <class name="SiteLanguageTest">
        <test-method is-config="true" signature="initialize()[pri:0, instance:SiteLanguageTest@3023df74]" started-at="2021-01-20T18:16:41 CST" name="initialize" finished-at="2021-01-20T18:16:55 CST" duration-ms="13188" status="PASS">
          <reporter-output>
          </reporter-output>
        </test-method> <!-- initialize -->
        <test-method signature="verifySpanish()[pri:0, instance:SiteLanguageTest@3023df74]" started-at="2021-01-20T18:16:55 CST" name="verifySpanish" finished-at="2021-01-20T18:17:08 CST" duration-ms="12889" status="PASS">
          <reporter-output>
          </reporter-output>
        </test-method> <!-- verifySpanish -->
        <test-method signature="verifyEnglish()[pri:0, instance:SiteLanguageTest@3023df74]" started-at="2021-01-20T18:17:08 CST" name="verifyEnglish" finished-at="2021-01-20T18:17:19 CST" depends-on-methods="SiteLanguageTest.verifySpanish" duration-ms="11571" status="PASS">
          <reporter-output>
          </reporter-output>
        </test-method> <!-- verifyEnglish -->
        <test-method is-config="true" signature="teardown()[pri:0, instance:SiteLanguageTest@3023df74]" started-at="2021-01-20T18:17:19 CST" name="teardown" finished-at="2021-01-20T18:17:20 CST" duration-ms="420" status="PASS">
          <reporter-output>
          </reporter-output>
        </test-method> <!-- teardown -->
      </class> <!-- SiteLanguageTest -->
    </test> <!-- Verify language site -->
  </suite> <!-- Chemical Management Smoke Test -->
</testng-results>
