<?xml version="1.0" encoding="UTF-8"?>
<testsuite xmlns:xsi="http://www.w3.org/2001/XMLSchema-instance" xsi:noNamespaceSchemaLocation="https://maven.apache.org/surefire/maven-surefire-plugin/xsd/surefire-test-report-3.0.xsd" version="3.0" name="TestSuite" time="33.076" tests="5" errors="0" skipped="0" failures="0">
  <properties>
[...]
</properties>
  <testcase name="searchForProduct" classname="SearchTest" time="5.83"/>
  <testcase name="verifySearchResultsAreReturned" classname="SearchTest" time="4.291"/>
  <testcase name="verifyRelevantSearchResultsAreReturned" classname="SearchTest" time="0"/>
  <testcase name="verifySpanish" classname="SiteLanguageTest" time="3.843"/>
  <testcase name="verifyEnglish" classname="SiteLanguageTest" time="4.086"/>
</testsuite>