<?xml version="1.0" encoding="UTF-8"?>
<!-- Generated by org.testng.reporters.JUnitXMLReporter -->
<testsuite ignored="0" hostname="Lucias-MacBook-Air.local" failures="0" tests="3" name="Search a product" time="18.361" errors="0" timestamp="2021-01-24T21:29:44 CST">
  <testcase classname="SearchTest" name="searchForProduct" time="5.817"/>
  <testcase classname="SearchTest" name="verifySearchResultsAreReturned" time="4.292"/>
  <testcase classname="SearchTest" name="verifyRelevantSearchResultsAreReturned" time="0.001"/>
</testsuite> <!-- Search a product -->
