<?xml version="1.0" encoding="UTF-8"?>
<!-- Generated by org.testng.reporters.JUnitXMLReporter -->
<testsuite ignored="0" hostname="Lucias-MacBook-Air.local" failures="0" tests="5" name="Verify language site" time="38.147" errors="0" timestamp="2021-01-20T18:17:20 CST">
  <testcase classname="SiteLanguageTest" name="verifySpanish" time="12.889"/>
  <testcase classname="SearchTest" name="searchForProduct" time="11.561"/>
  <testcase classname="SearchTest" name="verifyRelevantSearchResultsAreReturned" time="0.001"/>
  <testcase classname="SearchTest" name="verifySearchResultsAreReturned" time="10.312"/>
  <testcase classname="SiteLanguageTest" name="verifyEnglish" time="11.571"/>
</testsuite> <!-- Verify language site -->
